2026-06-18T14:08:45.771054	DEBUG	server/main.go:42	initializing storage	{"storage": "postgres"}
2026-06-18T14:08:45.842955	DEBUG	server/main.go:79	starting HTTP server
2026-06-18T14:08:45.842955	WARN	server/server.go:63	start HTTP server	{"addr": ":8080"}
2026-06-18T14:08:53.871054	DEBUG	middleware/common.go:87	>>> incoming HTTP request	{"request_id": "bf9bd9b0-9072-4f2c-943c-c4bdd4db2e9c", "url": "/api/v1/links", "http_method": "POST", "time": "2026-06-18T11:08:53.871054"}
2026-06-18T14:08:53.871054	DEBUG	http/shorten.go:17	invoke shorten handler	{"request_id": "bf9bd9b0-9072-4f2c-943c-c4bdd4db2e9c", "url": "/api/v1/links"}
2026-06-18T14:08:53.882963	DEBUG	middleware/common.go:95	<<< done HTTP request	{"request_id": "bf9bd9b0-9072-4f2c-943c-c4bdd4db2e9c", "url": "/api/v1/links", "status_code": 201, "latency": "11.9094ms"}
2026-06-18T14:24:19.325794	DEBUG	middleware/common.go:87	>>> incoming HTTP request	{"request_id": "bbd23673-8ba4-4d1f-902a-ed781a1d0f53", "url": "/api/v1/links/pHerUCcrbF", "http_method": "GET", "time": "2026-06-18T11:24:19.325794"}
2026-06-18T14:24:19.325794	DEBUG	http/resolve.go:16	invoke resolve handler	{"request_id": "bbd23673-8ba4-4d1f-902a-ed781a1d0f53", "url": "/api/v1/links/pHerUCcrbF"}
2026-06-18T14:24:19.329636	DEBUG	middleware/common.go:95	<<< done HTTP request	{"request_id": "bbd23673-8ba4-4d1f-902a-ed781a1d0f53", "url": "/api/v1/links/pHerUCcrbF", "status_code": 200, "latency": "3.8415ms"}
2026-06-18T14:24:32.203683	DEBUG	middleware/common.go:87	>>> incoming HTTP request	{"request_id": "a5840609-5d44-4e43-a8fe-412e6a0506e4", "url": "/api/v1/links/pHerUCcrba", "http_method": "GET", "time": "2026-06-18T11:24:32.203683"}
2026-06-18T14:24:32.203835	DEBUG	http/resolve.go:16	invoke resolve handler	{"request_id": "a5840609-5d44-4e43-a8fe-412e6a0506e4", "url": "/api/v1/links/pHerUCcrba"}
2026-06-18T14:24:32.205587	DEBUG	response/handler.go:72	failed to resolve code	{"request_id": "a5840609-5d44-4e43-a8fe-412e6a0506e4", "url": "/api/v1/links/pHerUCcrba", "error": "getting by code: get by code=\"pHerUCcrba\": not found"}
2026-06-18T14:24:32.206104	DEBUG	middleware/common.go:95	<<< done HTTP request	{"request_id": "a5840609-5d44-4e43-a8fe-412e6a0506e4", "url": "/api/v1/links/pHerUCcrba", "status_code": 404, "latency": "2.4204ms"}
2026-06-18T14:24:52.310698	DEBUG	middleware/common.go:87	>>> incoming HTTP request	{"request_id": "2b271bf8-87c7-45c6-abc6-9017705f9a72", "url": "/api/v1/links", "http_method": "POST", "time": "2026-06-18T11:24:52.310698"}
2026-06-18T14:24:52.310707	DEBUG	http/shorten.go:17	invoke shorten handler	{"request_id": "2b271bf8-87c7-45c6-abc6-9017705f9a72", "url": "/api/v1/links"}
2026-06-18T14:24:52.313049	DEBUG	middleware/common.go:95	<<< done HTTP request	{"request_id": "2b271bf8-87c7-45c6-abc6-9017705f9a72", "url": "/api/v1/links", "status_code": 201, "latency": "2.3504ms"}
2026-06-18T14:24:53.181718	DEBUG	middleware/common.go:87	>>> incoming HTTP request	{"request_id": "c9549514-6f6a-411e-8074-4b684948f6a6", "url": "/api/v1/links", "http_method": "POST", "time": "2026-06-18T11:24:53.181718"}
2026-06-18T14:24:53.181718	DEBUG	http/shorten.go:17	invoke shorten handler	{"request_id": "c9549514-6f6a-411e-8074-4b684948f6a6", "url": "/api/v1/links"}
2026-06-18T14:24:53.183312	DEBUG	middleware/common.go:95	<<< done HTTP request	{"request_id": "c9549514-6f6a-411e-8074-4b684948f6a6", "url": "/api/v1/links", "status_code": 201, "latency": "1.5936ms"}
2026-06-18T14:25:26.642012	WARN	server/server.go:80	shutdown HTTP server
2026-06-18T14:25:26.642012	WARN	server/server.go:96	HTTP server stopped
